2024-07-07 17:42:41.792  INFO   --- [atcher-worker-3] c.k.kord.extensions.utils._Environment   : Loading environment variables from .env file
2024-07-07 17:42:42.257  INFO   --- [atcher-worker-1] org.pf4j.DefaultPluginStatusProvider     : Enabled plugins: []
2024-07-07 17:42:42.257  INFO   --- [atcher-worker-1] org.pf4j.DefaultPluginStatusProvider     : Disabled plugins: []
2024-07-07 17:42:42.259  INFO   --- [atcher-worker-1] org.pf4j.DefaultPluginManager            : PF4J version 3.12.0 in 'deployment' mode
2024-07-07 17:42:42.260  WARN   --- [atcher-worker-1] org.pf4j.AbstractPluginManager           : No './plugins' root
2024-07-07 17:42:42.261  INFO   --- [atcher-worker-1] org.pf4j.AbstractPluginManager           : No plugins
2024-07-07 17:42:43.430  INFO   --- [atcher-worker-6] c.k.k.e.c.a.ApplicationCommandRegistry   : Global application commands: 0 to add / 2 to update / 0 to remove
2024-07-07 17:42:43.811  INFO   --- [atcher-worker-3] c.k.k.e.c.a.ApplicationCommandRegistry   : Finished synchronising global application commands
2024-07-07 17:42:58.155 ERROR   --- [atcher-worker-5] c.k.kord.extensions.events.EventHandler  : Error during execution of event handler (MessageCreateEvent)
dev.kord.rest.request.KtorRequestException: REST request returned an error: 404   Unknown Message null
	at dev.kord.rest.request.KtorRequestHandler.handle(KtorRequestHandler.kt:61)
	at dev.kord.rest.request.KtorRequestHandler$handle$1.invokeSuspend(KtorRequestHandler.kt)
	at kotlin.coroutines.jvm.internal.BaseContinuationImpl.resumeWith(ContinuationImpl.kt:33)
	at kotlinx.coroutines.DispatchedTask.run(DispatchedTask.kt:104)
	at kotlinx.coroutines.scheduling.CoroutineScheduler.runSafely(CoroutineScheduler.kt:584)
	at kotlinx.coroutines.scheduling.CoroutineScheduler$Worker.executeTask(CoroutineScheduler.kt:811)
	at kotlinx.coroutines.scheduling.CoroutineScheduler$Worker.runWorker(CoroutineScheduler.kt:715)
	at kotlinx.coroutines.scheduling.CoroutineScheduler$Worker.run(CoroutineScheduler.kt:702)
2024-07-07 17:46:41.290  INFO   --- [atcher-worker-3] c.k.kord.extensions.utils._Environment   : Loading environment variables from .env file
2024-07-07 17:46:41.612  INFO   --- [atcher-worker-4] org.pf4j.DefaultPluginStatusProvider     : Enabled plugins: []
2024-07-07 17:46:41.613  INFO   --- [atcher-worker-4] org.pf4j.DefaultPluginStatusProvider     : Disabled plugins: []
2024-07-07 17:46:41.617  INFO   --- [atcher-worker-4] org.pf4j.DefaultPluginManager            : PF4J version 3.12.0 in 'deployment' mode
2024-07-07 17:46:41.620  WARN   --- [atcher-worker-4] org.pf4j.AbstractPluginManager           : No './plugins' root
2024-07-07 17:46:41.622  INFO   --- [atcher-worker-4] org.pf4j.AbstractPluginManager           : No plugins
2024-07-07 17:46:42.829  INFO   --- [atcher-worker-4] c.k.k.e.c.a.ApplicationCommandRegistry   : Global application commands: 0 to add / 2 to update / 0 to remove
2024-07-07 17:46:43.215  INFO   --- [atcher-worker-2] c.k.k.e.c.a.ApplicationCommandRegistry   : Finished synchronising global application commands
2024-07-07 17:46:54.073 ERROR   --- [tcher-worker-11] c.k.kord.extensions.events.EventHandler  : Error during execution of event handler (MessageCreateEvent)
dev.kord.rest.request.KtorRequestException: REST request returned an error: 404   Unknown Message null
	at dev.kord.rest.request.KtorRequestHandler.handle(KtorRequestHandler.kt:61)
	at dev.kord.rest.request.KtorRequestHandler$handle$1.invokeSuspend(KtorRequestHandler.kt)
	at kotlin.coroutines.jvm.internal.BaseContinuationImpl.resumeWith(ContinuationImpl.kt:33)
	at kotlinx.coroutines.DispatchedTask.run(DispatchedTask.kt:104)
	at kotlinx.coroutines.scheduling.CoroutineScheduler.runSafely(CoroutineScheduler.kt:584)
	at kotlinx.coroutines.scheduling.CoroutineScheduler$Worker.executeTask(CoroutineScheduler.kt:811)
	at kotlinx.coroutines.scheduling.CoroutineScheduler$Worker.runWorker(CoroutineScheduler.kt:715)
	at kotlinx.coroutines.scheduling.CoroutineScheduler$Worker.run(CoroutineScheduler.kt:702)
2024-07-07 17:48:33.092  INFO   --- [atcher-worker-3] c.k.kord.extensions.utils._Environment   : Loading environment variables from .env file
2024-07-07 17:48:33.525  INFO   --- [atcher-worker-4] org.pf4j.DefaultPluginStatusProvider     : Enabled plugins: []
2024-07-07 17:48:33.527  INFO   --- [atcher-worker-4] org.pf4j.DefaultPluginStatusProvider     : Disabled plugins: []
2024-07-07 17:48:33.535  INFO   --- [atcher-worker-4] org.pf4j.DefaultPluginManager            : PF4J version 3.12.0 in 'deployment' mode
2024-07-07 17:48:33.538  WARN   --- [atcher-worker-4] org.pf4j.AbstractPluginManager           : No './plugins' root
2024-07-07 17:48:33.541  INFO   --- [atcher-worker-4] org.pf4j.AbstractPluginManager           : No plugins
2024-07-07 17:48:34.769  INFO   --- [atcher-worker-4] c.k.k.e.c.a.ApplicationCommandRegistry   : Global application commands: 0 to add / 2 to update / 0 to remove
2024-07-07 17:48:35.142  INFO   --- [tcher-worker-10] c.k.k.e.c.a.ApplicationCommandRegistry   : Finished synchronising global application commands
2024-07-07 17:48:42.523 ERROR   --- [tcher-worker-18] c.k.kord.extensions.events.EventHandler  : Error during execution of event handler (MessageCreateEvent)
dev.kord.rest.request.KtorRequestException: REST request returned an error: 404   Unknown Message null
	at dev.kord.rest.request.KtorRequestHandler.handle(KtorRequestHandler.kt:61)
	at dev.kord.rest.request.KtorRequestHandler$handle$1.invokeSuspend(KtorRequestHandler.kt)
	at kotlin.coroutines.jvm.internal.BaseContinuationImpl.resumeWith(ContinuationImpl.kt:33)
	at kotlinx.coroutines.DispatchedTask.run(DispatchedTask.kt:104)
	at kotlinx.coroutines.scheduling.CoroutineScheduler.runSafely(CoroutineScheduler.kt:584)
	at kotlinx.coroutines.scheduling.CoroutineScheduler$Worker.executeTask(CoroutineScheduler.kt:811)
	at kotlinx.coroutines.scheduling.CoroutineScheduler$Worker.runWorker(CoroutineScheduler.kt:715)
	at kotlinx.coroutines.scheduling.CoroutineScheduler$Worker.run(CoroutineScheduler.kt:702)
2024-07-07 17:49:55.669  INFO   --- [atcher-worker-3] c.k.kord.extensions.utils._Environment   : Loading environment variables from .env file
2024-07-07 17:49:55.926  INFO   --- [atcher-worker-3] org.pf4j.DefaultPluginStatusProvider     : Enabled plugins: []
2024-07-07 17:49:55.927  INFO   --- [atcher-worker-3] org.pf4j.DefaultPluginStatusProvider     : Disabled plugins: []
2024-07-07 17:49:55.930  INFO   --- [atcher-worker-3] org.pf4j.DefaultPluginManager            : PF4J version 3.12.0 in 'deployment' mode
2024-07-07 17:49:55.932  WARN   --- [atcher-worker-3] org.pf4j.AbstractPluginManager           : No './plugins' root
2024-07-07 17:49:55.933  INFO   --- [atcher-worker-3] org.pf4j.AbstractPluginManager           : No plugins
2024-07-07 17:49:57.095  INFO   --- [atcher-worker-2] c.k.k.e.c.a.ApplicationCommandRegistry   : Global application commands: 0 to add / 2 to update / 0 to remove
2024-07-07 17:49:57.679  INFO   --- [atcher-worker-4] c.k.k.e.c.a.ApplicationCommandRegistry   : Finished synchronising global application commands
2024-07-07 17:51:36.554  INFO   --- [atcher-worker-3] c.k.kord.extensions.utils._Environment   : Loading environment variables from .env file
2024-07-07 17:51:36.911  INFO   --- [atcher-worker-4] org.pf4j.DefaultPluginStatusProvider     : Enabled plugins: []
2024-07-07 17:51:36.911  INFO   --- [atcher-worker-4] org.pf4j.DefaultPluginStatusProvider     : Disabled plugins: []
2024-07-07 17:51:36.913  INFO   --- [atcher-worker-4] org.pf4j.DefaultPluginManager            : PF4J version 3.12.0 in 'deployment' mode
2024-07-07 17:51:36.914  WARN   --- [atcher-worker-4] org.pf4j.AbstractPluginManager           : No './plugins' root
2024-07-07 17:51:36.915  INFO   --- [atcher-worker-4] org.pf4j.AbstractPluginManager           : No plugins
2024-07-07 17:51:38.067  INFO   --- [atcher-worker-8] c.k.k.e.c.a.ApplicationCommandRegistry   : Global application commands: 0 to add / 2 to update / 0 to remove
2024-07-07 17:51:38.540  INFO   --- [atcher-worker-4] c.k.k.e.c.a.ApplicationCommandRegistry   : Finished synchronising global application commands
2024-07-07 17:52:03.528  INFO   --- [atcher-worker-3] c.k.kord.extensions.utils._Environment   : Loading environment variables from .env file
2024-07-07 17:52:03.880  INFO   --- [atcher-worker-2] org.pf4j.DefaultPluginStatusProvider     : Enabled plugins: []
2024-07-07 17:52:03.880  INFO   --- [atcher-worker-2] org.pf4j.DefaultPluginStatusProvider     : Disabled plugins: []
2024-07-07 17:52:03.881  INFO   --- [atcher-worker-2] org.pf4j.DefaultPluginManager            : PF4J version 3.12.0 in 'deployment' mode
2024-07-07 17:52:03.883  WARN   --- [atcher-worker-2] org.pf4j.AbstractPluginManager           : No './plugins' root
2024-07-07 17:52:03.884  INFO   --- [atcher-worker-2] org.pf4j.AbstractPluginManager           : No plugins
2024-07-07 17:52:04.899  INFO   --- [atcher-worker-4] c.k.k.e.c.a.ApplicationCommandRegistry   : Global application commands: 0 to add / 2 to update / 0 to remove
2024-07-07 17:52:05.271  INFO   --- [atcher-worker-8] c.k.k.e.c.a.ApplicationCommandRegistry   : Finished synchronising global application commands
2024-07-07 17:52:45.464  INFO   --- [atcher-worker-3] c.k.kord.extensions.utils._Environment   : Loading environment variables from .env file
2024-07-07 17:52:45.760  INFO   --- [atcher-worker-3] org.pf4j.DefaultPluginStatusProvider     : Enabled plugins: []
2024-07-07 17:52:45.760  INFO   --- [atcher-worker-3] org.pf4j.DefaultPluginStatusProvider     : Disabled plugins: []
2024-07-07 17:52:45.762  INFO   --- [atcher-worker-3] org.pf4j.DefaultPluginManager            : PF4J version 3.12.0 in 'deployment' mode
2024-07-07 17:52:45.763  WARN   --- [atcher-worker-3] org.pf4j.AbstractPluginManager           : No './plugins' root
2024-07-07 17:52:45.764  INFO   --- [atcher-worker-3] org.pf4j.AbstractPluginManager           : No plugins
2024-07-07 17:52:46.862  INFO   --- [atcher-worker-8] c.k.k.e.c.a.ApplicationCommandRegistry   : Global application commands: 0 to add / 2 to update / 0 to remove
2024-07-07 17:52:47.457  INFO   --- [atcher-worker-2] c.k.k.e.c.a.ApplicationCommandRegistry   : Finished synchronising global application commands
2024-07-07 17:54:55.028  INFO   --- [atcher-worker-3] c.k.kord.extensions.utils._Environment   : Loading environment variables from .env file
2024-07-07 17:54:55.341  INFO   --- [atcher-worker-1] org.pf4j.DefaultPluginStatusProvider     : Enabled plugins: []
2024-07-07 17:54:55.342  INFO   --- [atcher-worker-1] org.pf4j.DefaultPluginStatusProvider     : Disabled plugins: []
2024-07-07 17:54:55.346  INFO   --- [atcher-worker-1] org.pf4j.DefaultPluginManager            : PF4J version 3.12.0 in 'deployment' mode
2024-07-07 17:54:55.349  WARN   --- [atcher-worker-1] org.pf4j.AbstractPluginManager           : No './plugins' root
2024-07-07 17:54:55.352  INFO   --- [atcher-worker-1] org.pf4j.AbstractPluginManager           : No plugins
2024-07-07 17:54:56.621  INFO   --- [atcher-worker-4] c.k.k.e.c.a.ApplicationCommandRegistry   : Global application commands: 0 to add / 2 to update / 0 to remove
2024-07-07 17:54:57.094  INFO   --- [atcher-worker-1] c.k.k.e.c.a.ApplicationCommandRegistry   : Finished synchronising global application commands
2024-07-07 17:58:37.712  INFO   --- [atcher-worker-3] c.k.kord.extensions.utils._Environment   : Loading environment variables from .env file
2024-07-07 17:58:38.030  INFO   --- [atcher-worker-3] org.pf4j.DefaultPluginStatusProvider     : Enabled plugins: []
2024-07-07 17:58:38.031  INFO   --- [atcher-worker-3] org.pf4j.DefaultPluginStatusProvider     : Disabled plugins: []
2024-07-07 17:58:38.035  INFO   --- [atcher-worker-3] org.pf4j.DefaultPluginManager            : PF4J version 3.12.0 in 'deployment' mode
2024-07-07 17:58:38.037  WARN   --- [atcher-worker-3] org.pf4j.AbstractPluginManager           : No './plugins' root
2024-07-07 17:58:38.039  INFO   --- [atcher-worker-3] org.pf4j.AbstractPluginManager           : No plugins
2024-07-07 17:58:39.124  INFO   --- [atcher-worker-1] c.k.k.e.c.a.ApplicationCommandRegistry   : Global application commands: 0 to add / 2 to update / 0 to remove
2024-07-07 17:58:39.507  INFO   --- [atcher-worker-6] c.k.k.e.c.a.ApplicationCommandRegistry   : Finished synchronising global application commands
2024-07-07 17:59:22.315  INFO   --- [atcher-worker-3] c.k.kord.extensions.utils._Environment   : Loading environment variables from .env file
2024-07-07 17:59:22.679  INFO   --- [atcher-worker-8] org.pf4j.DefaultPluginStatusProvider     : Enabled plugins: []
2024-07-07 17:59:22.680  INFO   --- [atcher-worker-8] org.pf4j.DefaultPluginStatusProvider     : Disabled plugins: []
2024-07-07 17:59:22.684  INFO   --- [atcher-worker-8] org.pf4j.DefaultPluginManager            : PF4J version 3.12.0 in 'deployment' mode
2024-07-07 17:59:22.687  WARN   --- [atcher-worker-8] org.pf4j.AbstractPluginManager           : No './plugins' root
2024-07-07 17:59:22.690  INFO   --- [atcher-worker-8] org.pf4j.AbstractPluginManager           : No plugins
2024-07-07 17:59:23.872  INFO   --- [atcher-worker-7] c.k.k.e.c.a.ApplicationCommandRegistry   : Global application commands: 0 to add / 2 to update / 0 to remove
2024-07-07 17:59:24.254  INFO   --- [atcher-worker-4] c.k.k.e.c.a.ApplicationCommandRegistry   : Finished synchronising global application commands
2024-07-07 18:00:30.421  INFO   --- [atcher-worker-3] c.k.kord.extensions.utils._Environment   : Loading environment variables from .env file
2024-07-07 18:00:30.808  INFO   --- [atcher-worker-7] org.pf4j.DefaultPluginStatusProvider     : Enabled plugins: []
2024-07-07 18:00:30.809  INFO   --- [atcher-worker-7] org.pf4j.DefaultPluginStatusProvider     : Disabled plugins: []
2024-07-07 18:00:30.811  INFO   --- [atcher-worker-7] org.pf4j.DefaultPluginManager            : PF4J version 3.12.0 in 'deployment' mode
2024-07-07 18:00:30.813  WARN   --- [atcher-worker-7] org.pf4j.AbstractPluginManager           : No './plugins' root
2024-07-07 18:00:30.814  INFO   --- [atcher-worker-7] org.pf4j.AbstractPluginManager           : No plugins
2024-07-07 18:00:32.054  INFO   --- [atcher-worker-1] c.k.k.e.c.a.ApplicationCommandRegistry   : Global application commands: 0 to add / 2 to update / 0 to remove
2024-07-07 18:00:32.550  INFO   --- [atcher-worker-8] c.k.k.e.c.a.ApplicationCommandRegistry   : Finished synchronising global application commands
2024-07-07 18:03:57.374  INFO   --- [atcher-worker-3] c.k.kord.extensions.utils._Environment   : Loading environment variables from .env file
2024-07-07 18:03:57.837  INFO   --- [atcher-worker-4] org.pf4j.DefaultPluginStatusProvider     : Enabled plugins: []
2024-07-07 18:03:57.838  INFO   --- [atcher-worker-4] org.pf4j.DefaultPluginStatusProvider     : Disabled plugins: []
2024-07-07 18:03:57.841  INFO   --- [atcher-worker-4] org.pf4j.DefaultPluginManager            : PF4J version 3.12.0 in 'deployment' mode
2024-07-07 18:03:57.844  WARN   --- [atcher-worker-4] org.pf4j.AbstractPluginManager           : No './plugins' root
2024-07-07 18:03:57.846  INFO   --- [atcher-worker-4] org.pf4j.AbstractPluginManager           : No plugins
2024-07-07 18:03:59.119  INFO   --- [atcher-worker-8] c.k.k.e.c.a.ApplicationCommandRegistry   : Global application commands: 0 to add / 2 to update / 0 to remove
2024-07-07 18:03:59.597  INFO   --- [atcher-worker-7] c.k.k.e.c.a.ApplicationCommandRegistry   : Finished synchronising global application commands
2024-07-07 18:05:07.111  INFO   --- [atcher-worker-3] c.k.kord.extensions.utils._Environment   : Loading environment variables from .env file
2024-07-07 18:05:07.436  INFO   --- [atcher-worker-3] org.pf4j.DefaultPluginStatusProvider     : Enabled plugins: []
2024-07-07 18:05:07.437  INFO   --- [atcher-worker-3] org.pf4j.DefaultPluginStatusProvider     : Disabled plugins: []
2024-07-07 18:05:07.440  INFO   --- [atcher-worker-3] org.pf4j.DefaultPluginManager            : PF4J version 3.12.0 in 'deployment' mode
2024-07-07 18:05:07.442  WARN   --- [atcher-worker-3] org.pf4j.AbstractPluginManager           : No './plugins' root
2024-07-07 18:05:07.443  INFO   --- [atcher-worker-3] org.pf4j.AbstractPluginManager           : No plugins
2024-07-07 18:05:08.672  INFO   --- [atcher-worker-4] c.k.k.e.c.a.ApplicationCommandRegistry   : Global application commands: 0 to add / 2 to update / 0 to remove
2024-07-07 18:05:09.132  INFO   --- [atcher-worker-8] c.k.k.e.c.a.ApplicationCommandRegistry   : Finished synchronising global application commands
2024-07-07 18:07:20.404  INFO   --- [atcher-worker-3] c.k.kord.extensions.utils._Environment   : Loading environment variables from .env file
2024-07-07 18:07:20.630  INFO   --- [atcher-worker-9] org.pf4j.DefaultPluginStatusProvider     : Enabled plugins: []
2024-07-07 18:07:20.631  INFO   --- [atcher-worker-9] org.pf4j.DefaultPluginStatusProvider     : Disabled plugins: []
2024-07-07 18:07:20.632  INFO   --- [atcher-worker-9] org.pf4j.DefaultPluginManager            : PF4J version 3.12.0 in 'deployment' mode
2024-07-07 18:07:20.634  WARN   --- [atcher-worker-9] org.pf4j.AbstractPluginManager           : No './plugins' root
2024-07-07 18:07:20.635  INFO   --- [atcher-worker-9] org.pf4j.AbstractPluginManager           : No plugins
2024-07-07 18:07:21.661  INFO   --- [atcher-worker-9] c.k.k.e.c.a.ApplicationCommandRegistry   : Global application commands: 0 to add / 2 to update / 0 to remove
2024-07-07 18:07:22.048  INFO   --- [atcher-worker-6] c.k.k.e.c.a.ApplicationCommandRegistry   : Finished synchronising global application commands
2024-07-07 18:07:22.784 ERROR   --- [tcher-worker-17] dev.kord.gateway.DefaultGateway          : 
kotlinx.serialization.json.internal.JsonDecodingException: Failed to parse literal '17592186044416' as an int value at element: $.flags
JSON input: .....null,"bot":true,"avatar":"931d7c29b810c2ba78feae11d9faaee9"}
	at kotlinx.serialization.json.internal.JsonExceptionsKt.JsonDecodingException(JsonExceptions.kt:24)
	at kotlinx.serialization.json.internal.JsonExceptionsKt.JsonDecodingException(JsonExceptions.kt:32)
	at kotlinx.serialization.json.internal.AbstractJsonTreeDecoder.unparsedPrimitive(TreeJsonDecoder.kt:99)
	at kotlinx.serialization.json.internal.AbstractJsonTreeDecoder.decodeTaggedInt(TreeJsonDecoder.kt:506)
	at kotlinx.serialization.json.internal.AbstractJsonTreeDecoder.decodeTaggedInt(TreeJsonDecoder.kt:37)
	at kotlinx.serialization.internal.TaggedDecoder.decodeInt(Tagged.kt:226)
	at kotlinx.serialization.internal.IntSerializer.deserialize(Primitives.kt:125)
	at kotlinx.serialization.internal.IntSerializer.deserialize(Primitives.kt:121)
	at kotlinx.serialization.json.internal.AbstractJsonTreeDecoder.decodeSerializableValue(TreeJsonDecoder.kt:337)
	at dev.kord.common.entity.UserFlags$Serializer.deserialize(UserFlag.kt:381)
	at dev.kord.common.entity.UserFlags$Serializer.deserialize(UserFlag.kt:370)
	at kotlinx.serialization.json.internal.AbstractJsonTreeDecoder.decodeSerializableValue(TreeJsonDecoder.kt:337)
	at dev.kord.common.entity.optional.Optional$OptionalSerializer.deserialize(Optional.kt:177)
	at dev.kord.common.entity.optional.Optional$OptionalSerializer.deserialize(Optional.kt:155)
	at kotlinx.serialization.json.internal.AbstractJsonTreeDecoder.decodeSerializableValue(TreeJsonDecoder.kt:337)
	at kotlinx.serialization.internal.TaggedDecoder.decodeSerializableValue(Tagged.kt:207)
	at kotlinx.serialization.internal.TaggedDecoder.decodeSerializableElement$lambda$1(Tagged.kt:279)
	at kotlinx.serialization.internal.TaggedDecoder.tagBlock(Tagged.kt:294)
	at kotlinx.serialization.internal.TaggedDecoder.decodeSerializableElement(Tagged.kt:279)
	at dev.kord.common.entity.DiscordUser$$serializer.deserialize(DiscordUser.kt:75)
	at dev.kord.common.entity.DiscordUser$$serializer.deserialize(DiscordUser.kt:75)
	at kotlinx.serialization.json.internal.AbstractJsonTreeDecoder.decodeSerializableValue(TreeJsonDecoder.kt:337)
	at kotlinx.serialization.internal.TaggedDecoder.decodeSerializableValue(Tagged.kt:207)
	at kotlinx.serialization.internal.TaggedDecoder.decodeSerializableElement$lambda$1(Tagged.kt:279)
	at kotlinx.serialization.internal.TaggedDecoder.tagBlock(Tagged.kt:294)
	at kotlinx.serialization.internal.TaggedDecoder.decodeSerializableElement(Tagged.kt:279)
	at dev.kord.gateway.ReadyData$$serializer.deserialize(Event.kt:268)
	at dev.kord.gateway.ReadyData$$serializer.deserialize(Event.kt:268)
	at kotlinx.serialization.json.internal.AbstractJsonTreeDecoder.decodeSerializableValue(TreeJsonDecoder.kt:337)
	at kotlinx.serialization.json.internal.TreeJsonDecoderKt.readJson(TreeJsonDecoder.kt:26)
	at kotlinx.serialization.json.Json.decodeFromJsonElement(Json.kt:186)
	at dev.kord.gateway.Event$DeserializationStrategy.decodeDispatchEvent$decode(Event.kt:97)
	at dev.kord.gateway.Event$DeserializationStrategy.decodeDispatchEvent(Event.kt:107)
	at dev.kord.gateway.Event$DeserializationStrategy.access$decodeDispatchEvent(Event.kt:28)
	at dev.kord.gateway.Event$DeserializationStrategy.deserialize(Event.kt:55)
	at dev.kord.gateway.Event$DeserializationStrategy.deserialize(Event.kt:28)
	at kotlinx.serialization.json.internal.StreamingJsonDecoder.decodeSerializableValue(StreamingJsonDecoder.kt:69)
	at kotlinx.serialization.json.Json.decodeFromString(Json.kt:165)
	at dev.kord.gateway.DefaultGateway.read(DefaultGateway.kt:189)
	at dev.kord.gateway.DefaultGateway.access$read(DefaultGateway.kt:62)
	at dev.kord.gateway.DefaultGateway$readSocket$2.emit(DefaultGateway.kt:173)
	at dev.kord.gateway.DefaultGateway$readSocket$2.emit(DefaultGateway.kt:171)
	at kotlinx.coroutines.flow.FlowKt__ChannelsKt.emitAllImpl$FlowKt__ChannelsKt(Channels.kt:33)
	at kotlinx.coroutines.flow.FlowKt__ChannelsKt.access$emitAllImpl$FlowKt__ChannelsKt(Channels.kt:1)
	at kotlinx.coroutines.flow.FlowKt__ChannelsKt$emitAllImpl$1.invokeSuspend(Channels.kt)
	at kotlin.coroutines.jvm.internal.BaseContinuationImpl.resumeWith(ContinuationImpl.kt:33)
	at kotlinx.coroutines.DispatchedTask.run(DispatchedTask.kt:104)
	at kotlinx.coroutines.scheduling.CoroutineScheduler.runSafely(CoroutineScheduler.kt:584)
	at kotlinx.coroutines.scheduling.CoroutineScheduler$Worker.executeTask(CoroutineScheduler.kt:811)
	at kotlinx.coroutines.scheduling.CoroutineScheduler$Worker.runWorker(CoroutineScheduler.kt:715)
	at kotlinx.coroutines.scheduling.CoroutineScheduler$Worker.run(CoroutineScheduler.kt:702)
2024-07-07 18:07:32.491  INFO   --- [atcher-worker-3] c.k.kord.extensions.utils._Environment   : Loading environment variables from .env file
2024-07-07 18:07:32.800  INFO   --- [atcher-worker-6] org.pf4j.DefaultPluginStatusProvider     : Enabled plugins: []
2024-07-07 18:07:32.801  INFO   --- [atcher-worker-6] org.pf4j.DefaultPluginStatusProvider     : Disabled plugins: []
2024-07-07 18:07:32.803  INFO   --- [atcher-worker-6] org.pf4j.DefaultPluginManager            : PF4J version 3.12.0 in 'deployment' mode
2024-07-07 18:07:32.805  WARN   --- [atcher-worker-6] org.pf4j.AbstractPluginManager           : No './plugins' root
2024-07-07 18:07:32.807  INFO   --- [atcher-worker-6] org.pf4j.AbstractPluginManager           : No plugins
2024-07-07 18:07:33.862  INFO   --- [atcher-worker-7] c.k.k.e.c.a.ApplicationCommandRegistry   : Global application commands: 0 to add / 2 to update / 0 to remove
2024-07-07 18:07:34.234  INFO   --- [tcher-worker-11] c.k.k.e.c.a.ApplicationCommandRegistry   : Finished synchronising global application commands
2024-07-07 18:07:35.027 ERROR   --- [tcher-worker-17] dev.kord.gateway.DefaultGateway          : 
kotlinx.serialization.json.internal.JsonDecodingException: Failed to parse literal '17592186044416' as an int value at element: $.flags
JSON input: .....null,"bot":true,"avatar":"931d7c29b810c2ba78feae11d9faaee9"}
	at kotlinx.serialization.json.internal.JsonExceptionsKt.JsonDecodingException(JsonExceptions.kt:24)
	at kotlinx.serialization.json.internal.JsonExceptionsKt.JsonDecodingException(JsonExceptions.kt:32)
	at kotlinx.serialization.json.internal.AbstractJsonTreeDecoder.unparsedPrimitive(TreeJsonDecoder.kt:99)
	at kotlinx.serialization.json.internal.AbstractJsonTreeDecoder.decodeTaggedInt(TreeJsonDecoder.kt:506)
	at kotlinx.serialization.json.internal.AbstractJsonTreeDecoder.decodeTaggedInt(TreeJsonDecoder.kt:37)
	at kotlinx.serialization.internal.TaggedDecoder.decodeInt(Tagged.kt:226)
	at kotlinx.serialization.internal.IntSerializer.deserialize(Primitives.kt:125)
	at kotlinx.serialization.internal.IntSerializer.deserialize(Primitives.kt:121)
	at kotlinx.serialization.json.internal.AbstractJsonTreeDecoder.decodeSerializableValue(TreeJsonDecoder.kt:337)
	at dev.kord.common.entity.UserFlags$Serializer.deserialize(UserFlag.kt:381)
	at dev.kord.common.entity.UserFlags$Serializer.deserialize(UserFlag.kt:370)
	at kotlinx.serialization.json.internal.AbstractJsonTreeDecoder.decodeSerializableValue(TreeJsonDecoder.kt:337)
	at dev.kord.common.entity.optional.Optional$OptionalSerializer.deserialize(Optional.kt:177)
	at dev.kord.common.entity.optional.Optional$OptionalSerializer.deserialize(Optional.kt:155)
	at kotlinx.serialization.json.internal.AbstractJsonTreeDecoder.decodeSerializableValue(TreeJsonDecoder.kt:337)
	at kotlinx.serialization.internal.TaggedDecoder.decodeSerializableValue(Tagged.kt:207)
	at kotlinx.serialization.internal.TaggedDecoder.decodeSerializableElement$lambda$1(Tagged.kt:279)
	at kotlinx.serialization.internal.TaggedDecoder.tagBlock(Tagged.kt:294)
	at kotlinx.serialization.internal.TaggedDecoder.decodeSerializableElement(Tagged.kt:279)
	at dev.kord.common.entity.DiscordUser$$serializer.deserialize(DiscordUser.kt:75)
	at dev.kord.common.entity.DiscordUser$$serializer.deserialize(DiscordUser.kt:75)
	at kotlinx.serialization.json.internal.AbstractJsonTreeDecoder.decodeSerializableValue(TreeJsonDecoder.kt:337)
	at kotlinx.serialization.internal.TaggedDecoder.decodeSerializableValue(Tagged.kt:207)
	at kotlinx.serialization.internal.TaggedDecoder.decodeSerializableElement$lambda$1(Tagged.kt:279)
	at kotlinx.serialization.internal.TaggedDecoder.tagBlock(Tagged.kt:294)
	at kotlinx.serialization.internal.TaggedDecoder.decodeSerializableElement(Tagged.kt:279)
	at dev.kord.gateway.ReadyData$$serializer.deserialize(Event.kt:268)
	at dev.kord.gateway.ReadyData$$serializer.deserialize(Event.kt:268)
	at kotlinx.serialization.json.internal.AbstractJsonTreeDecoder.decodeSerializableValue(TreeJsonDecoder.kt:337)
	at kotlinx.serialization.json.internal.TreeJsonDecoderKt.readJson(TreeJsonDecoder.kt:26)
	at kotlinx.serialization.json.Json.decodeFromJsonElement(Json.kt:186)
	at dev.kord.gateway.Event$DeserializationStrategy.decodeDispatchEvent$decode(Event.kt:97)
	at dev.kord.gateway.Event$DeserializationStrategy.decodeDispatchEvent(Event.kt:107)
	at dev.kord.gateway.Event$DeserializationStrategy.access$decodeDispatchEvent(Event.kt:28)
	at dev.kord.gateway.Event$DeserializationStrategy.deserialize(Event.kt:55)
	at dev.kord.gateway.Event$DeserializationStrategy.deserialize(Event.kt:28)
	at kotlinx.serialization.json.internal.StreamingJsonDecoder.decodeSerializableValue(StreamingJsonDecoder.kt:69)
	at kotlinx.serialization.json.Json.decodeFromString(Json.kt:165)
	at dev.kord.gateway.DefaultGateway.read(DefaultGateway.kt:189)
	at dev.kord.gateway.DefaultGateway.access$read(DefaultGateway.kt:62)
	at dev.kord.gateway.DefaultGateway$readSocket$2.emit(DefaultGateway.kt:173)
	at dev.kord.gateway.DefaultGateway$readSocket$2.emit(DefaultGateway.kt:171)
	at kotlinx.coroutines.flow.FlowKt__ChannelsKt.emitAllImpl$FlowKt__ChannelsKt(Channels.kt:33)
	at kotlinx.coroutines.flow.FlowKt__ChannelsKt.access$emitAllImpl$FlowKt__ChannelsKt(Channels.kt:1)
	at kotlinx.coroutines.flow.FlowKt__ChannelsKt$emitAllImpl$1.invokeSuspend(Channels.kt)
	at kotlin.coroutines.jvm.internal.BaseContinuationImpl.resumeWith(ContinuationImpl.kt:33)
	at kotlinx.coroutines.DispatchedTask.run(DispatchedTask.kt:104)
	at kotlinx.coroutines.scheduling.CoroutineScheduler.runSafely(CoroutineScheduler.kt:584)
	at kotlinx.coroutines.scheduling.CoroutineScheduler$Worker.executeTask(CoroutineScheduler.kt:811)
	at kotlinx.coroutines.scheduling.CoroutineScheduler$Worker.runWorker(CoroutineScheduler.kt:715)
	at kotlinx.coroutines.scheduling.CoroutineScheduler$Worker.run(CoroutineScheduler.kt:702)
2024-07-07 18:07:53.888  INFO   --- [atcher-worker-3] c.k.kord.extensions.utils._Environment   : Loading environment variables from .env file
2024-07-07 18:07:54.209  INFO   --- [atcher-worker-3] org.pf4j.DefaultPluginStatusProvider     : Enabled plugins: []
2024-07-07 18:07:54.210  INFO   --- [atcher-worker-3] org.pf4j.DefaultPluginStatusProvider     : Disabled plugins: []
2024-07-07 18:07:54.213  INFO   --- [atcher-worker-3] org.pf4j.DefaultPluginManager            : PF4J version 3.12.0 in 'deployment' mode
2024-07-07 18:07:54.215  WARN   --- [atcher-worker-3] org.pf4j.AbstractPluginManager           : No './plugins' root
2024-07-07 18:07:54.218  INFO   --- [atcher-worker-3] org.pf4j.AbstractPluginManager           : No plugins
2024-07-07 18:07:55.357  INFO   --- [tcher-worker-10] c.k.k.e.c.a.ApplicationCommandRegistry   : Global application commands: 0 to add / 2 to update / 0 to remove
2024-07-07 18:07:55.639  INFO   --- [atcher-worker-1] c.k.k.e.c.a.ApplicationCommandRegistry   : Finished synchronising global application commands
2024-07-07 18:07:56.344 ERROR   --- [atcher-worker-3] dev.kord.gateway.DefaultGateway          : 
kotlinx.serialization.json.internal.JsonDecodingException: Failed to parse literal '17592186044416' as an int value at element: $.flags
JSON input: .....null,"bot":true,"avatar":"931d7c29b810c2ba78feae11d9faaee9"}
	at kotlinx.serialization.json.internal.JsonExceptionsKt.JsonDecodingException(JsonExceptions.kt:24)
	at kotlinx.serialization.json.internal.JsonExceptionsKt.JsonDecodingException(JsonExceptions.kt:32)
	at kotlinx.serialization.json.internal.AbstractJsonTreeDecoder.unparsedPrimitive(TreeJsonDecoder.kt:99)
	at kotlinx.serialization.json.internal.AbstractJsonTreeDecoder.decodeTaggedInt(TreeJsonDecoder.kt:506)
	at kotlinx.serialization.json.internal.AbstractJsonTreeDecoder.decodeTaggedInt(TreeJsonDecoder.kt:37)
	at kotlinx.serialization.internal.TaggedDecoder.decodeInt(Tagged.kt:226)
	at kotlinx.serialization.internal.IntSerializer.deserialize(Primitives.kt:125)
	at kotlinx.serialization.internal.IntSerializer.deserialize(Primitives.kt:121)
	at kotlinx.serialization.json.internal.AbstractJsonTreeDecoder.decodeSerializableValue(TreeJsonDecoder.kt:337)
	at dev.kord.common.entity.UserFlags$Serializer.deserialize(UserFlag.kt:381)
	at dev.kord.common.entity.UserFlags$Serializer.deserialize(UserFlag.kt:370)
	at kotlinx.serialization.json.internal.AbstractJsonTreeDecoder.decodeSerializableValue(TreeJsonDecoder.kt:337)
	at dev.kord.common.entity.optional.Optional$OptionalSerializer.deserialize(Optional.kt:177)
	at dev.kord.common.entity.optional.Optional$OptionalSerializer.deserialize(Optional.kt:155)
	at kotlinx.serialization.json.internal.AbstractJsonTreeDecoder.decodeSerializableValue(TreeJsonDecoder.kt:337)
	at kotlinx.serialization.internal.TaggedDecoder.decodeSerializableValue(Tagged.kt:207)
	at kotlinx.serialization.internal.TaggedDecoder.decodeSerializableElement$lambda$1(Tagged.kt:279)
	at kotlinx.serialization.internal.TaggedDecoder.tagBlock(Tagged.kt:294)
	at kotlinx.serialization.internal.TaggedDecoder.decodeSerializableElement(Tagged.kt:279)
	at dev.kord.common.entity.DiscordUser$$serializer.deserialize(DiscordUser.kt:75)
	at dev.kord.common.entity.DiscordUser$$serializer.deserialize(DiscordUser.kt:75)
	at kotlinx.serialization.json.internal.AbstractJsonTreeDecoder.decodeSerializableValue(TreeJsonDecoder.kt:337)
	at kotlinx.serialization.internal.TaggedDecoder.decodeSerializableValue(Tagged.kt:207)
	at kotlinx.serialization.internal.TaggedDecoder.decodeSerializableElement$lambda$1(Tagged.kt:279)
	at kotlinx.serialization.internal.TaggedDecoder.tagBlock(Tagged.kt:294)
	at kotlinx.serialization.internal.TaggedDecoder.decodeSerializableElement(Tagged.kt:279)
	at dev.kord.gateway.ReadyData$$serializer.deserialize(Event.kt:268)
	at dev.kord.gateway.ReadyData$$serializer.deserialize(Event.kt:268)
	at kotlinx.serialization.json.internal.AbstractJsonTreeDecoder.decodeSerializableValue(TreeJsonDecoder.kt:337)
	at kotlinx.serialization.json.internal.TreeJsonDecoderKt.readJson(TreeJsonDecoder.kt:26)
	at kotlinx.serialization.json.Json.decodeFromJsonElement(Json.kt:186)
	at dev.kord.gateway.Event$DeserializationStrategy.decodeDispatchEvent$decode(Event.kt:97)
	at dev.kord.gateway.Event$DeserializationStrategy.decodeDispatchEvent(Event.kt:107)
	at dev.kord.gateway.Event$DeserializationStrategy.access$decodeDispatchEvent(Event.kt:28)
	at dev.kord.gateway.Event$DeserializationStrategy.deserialize(Event.kt:55)
	at dev.kord.gateway.Event$DeserializationStrategy.deserialize(Event.kt:28)
	at kotlinx.serialization.json.internal.StreamingJsonDecoder.decodeSerializableValue(StreamingJsonDecoder.kt:69)
	at kotlinx.serialization.json.Json.decodeFromString(Json.kt:165)
	at dev.kord.gateway.DefaultGateway.read(DefaultGateway.kt:189)
	at dev.kord.gateway.DefaultGateway.access$read(DefaultGateway.kt:62)
	at dev.kord.gateway.DefaultGateway$readSocket$2.emit(DefaultGateway.kt:173)
	at dev.kord.gateway.DefaultGateway$readSocket$2.emit(DefaultGateway.kt:171)
	at kotlinx.coroutines.flow.FlowKt__ChannelsKt.emitAllImpl$FlowKt__ChannelsKt(Channels.kt:33)
	at kotlinx.coroutines.flow.FlowKt__ChannelsKt.access$emitAllImpl$FlowKt__ChannelsKt(Channels.kt:1)
	at kotlinx.coroutines.flow.FlowKt__ChannelsKt$emitAllImpl$1.invokeSuspend(Channels.kt)
	at kotlin.coroutines.jvm.internal.BaseContinuationImpl.resumeWith(ContinuationImpl.kt:33)
	at kotlinx.coroutines.DispatchedTask.run(DispatchedTask.kt:104)
	at kotlinx.coroutines.scheduling.CoroutineScheduler.runSafely(CoroutineScheduler.kt:584)
	at kotlinx.coroutines.scheduling.CoroutineScheduler$Worker.executeTask(CoroutineScheduler.kt:811)
	at kotlinx.coroutines.scheduling.CoroutineScheduler$Worker.runWorker(CoroutineScheduler.kt:715)
	at kotlinx.coroutines.scheduling.CoroutineScheduler$Worker.run(CoroutineScheduler.kt:702)
2024-07-07 18:08:32.167  INFO   --- [atcher-worker-3] c.k.kord.extensions.utils._Environment   : Loading environment variables from .env file
2024-07-07 18:08:32.411  INFO   --- [atcher-worker-2] org.pf4j.DefaultPluginStatusProvider     : Enabled plugins: []
2024-07-07 18:08:32.412  INFO   --- [atcher-worker-2] org.pf4j.DefaultPluginStatusProvider     : Disabled plugins: []
2024-07-07 18:08:32.413  INFO   --- [atcher-worker-2] org.pf4j.DefaultPluginManager            : PF4J version 3.12.0 in 'deployment' mode
2024-07-07 18:08:32.414  WARN   --- [atcher-worker-2] org.pf4j.AbstractPluginManager           : No './plugins' root
2024-07-07 18:08:32.415  INFO   --- [atcher-worker-2] org.pf4j.AbstractPluginManager           : No plugins
2024-07-07 18:08:33.455  INFO   --- [atcher-worker-4] c.k.k.e.c.a.ApplicationCommandRegistry   : Global application commands: 0 to add / 2 to update / 0 to remove
2024-07-07 18:08:33.830  INFO   --- [atcher-worker-7] c.k.k.e.c.a.ApplicationCommandRegistry   : Finished synchronising global application commands
2024-07-07 18:08:34.628 ERROR   --- [tcher-worker-17] dev.kord.gateway.DefaultGateway          : 
kotlinx.serialization.json.internal.JsonDecodingException: Failed to parse literal '17592186044416' as an int value at element: $.flags
JSON input: .....null,"bot":true,"avatar":"931d7c29b810c2ba78feae11d9faaee9"}
	at kotlinx.serialization.json.internal.JsonExceptionsKt.JsonDecodingException(JsonExceptions.kt:24)
	at kotlinx.serialization.json.internal.JsonExceptionsKt.JsonDecodingException(JsonExceptions.kt:32)
	at kotlinx.serialization.json.internal.AbstractJsonTreeDecoder.unparsedPrimitive(TreeJsonDecoder.kt:99)
	at kotlinx.serialization.json.internal.AbstractJsonTreeDecoder.decodeTaggedInt(TreeJsonDecoder.kt:506)
	at kotlinx.serialization.json.internal.AbstractJsonTreeDecoder.decodeTaggedInt(TreeJsonDecoder.kt:37)
	at kotlinx.serialization.internal.TaggedDecoder.decodeInt(Tagged.kt:226)
	at kotlinx.serialization.internal.IntSerializer.deserialize(Primitives.kt:125)
	at kotlinx.serialization.internal.IntSerializer.deserialize(Primitives.kt:121)
	at kotlinx.serialization.json.internal.AbstractJsonTreeDecoder.decodeSerializableValue(TreeJsonDecoder.kt:337)
	at dev.kord.common.entity.UserFlags$Serializer.deserialize(UserFlag.kt:381)
	at dev.kord.common.entity.UserFlags$Serializer.deserialize(UserFlag.kt:370)
	at kotlinx.serialization.json.internal.AbstractJsonTreeDecoder.decodeSerializableValue(TreeJsonDecoder.kt:337)
	at dev.kord.common.entity.optional.Optional$OptionalSerializer.deserialize(Optional.kt:177)
	at dev.kord.common.entity.optional.Optional$OptionalSerializer.deserialize(Optional.kt:155)
	at kotlinx.serialization.json.internal.AbstractJsonTreeDecoder.decodeSerializableValue(TreeJsonDecoder.kt:337)
	at kotlinx.serialization.internal.TaggedDecoder.decodeSerializableValue(Tagged.kt:207)
	at kotlinx.serialization.internal.TaggedDecoder.decodeSerializableElement$lambda$1(Tagged.kt:279)
	at kotlinx.serialization.internal.TaggedDecoder.tagBlock(Tagged.kt:294)
	at kotlinx.serialization.internal.TaggedDecoder.decodeSerializableElement(Tagged.kt:279)
	at dev.kord.common.entity.DiscordUser$$serializer.deserialize(DiscordUser.kt:75)
	at dev.kord.common.entity.DiscordUser$$serializer.deserialize(DiscordUser.kt:75)
	at kotlinx.serialization.json.internal.AbstractJsonTreeDecoder.decodeSerializableValue(TreeJsonDecoder.kt:337)
	at kotlinx.serialization.internal.TaggedDecoder.decodeSerializableValue(Tagged.kt:207)
	at kotlinx.serialization.internal.TaggedDecoder.decodeSerializableElement$lambda$1(Tagged.kt:279)
	at kotlinx.serialization.internal.TaggedDecoder.tagBlock(Tagged.kt:294)
	at kotlinx.serialization.internal.TaggedDecoder.decodeSerializableElement(Tagged.kt:279)
	at dev.kord.gateway.ReadyData$$serializer.deserialize(Event.kt:268)
	at dev.kord.gateway.ReadyData$$serializer.deserialize(Event.kt:268)
	at kotlinx.serialization.json.internal.AbstractJsonTreeDecoder.decodeSerializableValue(TreeJsonDecoder.kt:337)
	at kotlinx.serialization.json.internal.TreeJsonDecoderKt.readJson(TreeJsonDecoder.kt:26)
	at kotlinx.serialization.json.Json.decodeFromJsonElement(Json.kt:186)
	at dev.kord.gateway.Event$DeserializationStrategy.decodeDispatchEvent$decode(Event.kt:97)
	at dev.kord.gateway.Event$DeserializationStrategy.decodeDispatchEvent(Event.kt:107)
	at dev.kord.gateway.Event$DeserializationStrategy.access$decodeDispatchEvent(Event.kt:28)
	at dev.kord.gateway.Event$DeserializationStrategy.deserialize(Event.kt:55)
	at dev.kord.gateway.Event$DeserializationStrategy.deserialize(Event.kt:28)
	at kotlinx.serialization.json.internal.StreamingJsonDecoder.decodeSerializableValue(StreamingJsonDecoder.kt:69)
	at kotlinx.serialization.json.Json.decodeFromString(Json.kt:165)
	at dev.kord.gateway.DefaultGateway.read(DefaultGateway.kt:189)
	at dev.kord.gateway.DefaultGateway.access$read(DefaultGateway.kt:62)
	at dev.kord.gateway.DefaultGateway$readSocket$2.emit(DefaultGateway.kt:173)
	at dev.kord.gateway.DefaultGateway$readSocket$2.emit(DefaultGateway.kt:171)
	at kotlinx.coroutines.flow.FlowKt__ChannelsKt.emitAllImpl$FlowKt__ChannelsKt(Channels.kt:33)
	at kotlinx.coroutines.flow.FlowKt__ChannelsKt.access$emitAllImpl$FlowKt__ChannelsKt(Channels.kt:1)
	at kotlinx.coroutines.flow.FlowKt__ChannelsKt$emitAllImpl$1.invokeSuspend(Channels.kt)
	at kotlin.coroutines.jvm.internal.BaseContinuationImpl.resumeWith(ContinuationImpl.kt:33)
	at kotlinx.coroutines.DispatchedTask.run(DispatchedTask.kt:104)
	at kotlinx.coroutines.scheduling.CoroutineScheduler.runSafely(CoroutineScheduler.kt:584)
	at kotlinx.coroutines.scheduling.CoroutineScheduler$Worker.executeTask(CoroutineScheduler.kt:811)
	at kotlinx.coroutines.scheduling.CoroutineScheduler$Worker.runWorker(CoroutineScheduler.kt:715)
	at kotlinx.coroutines.scheduling.CoroutineScheduler$Worker.run(CoroutineScheduler.kt:702)
2024-07-07 18:08:58.456  INFO   --- [atcher-worker-3] c.k.kord.extensions.utils._Environment   : Loading environment variables from .env file
2024-07-07 18:08:58.694  INFO   --- [atcher-worker-3] org.pf4j.DefaultPluginStatusProvider     : Enabled plugins: []
2024-07-07 18:08:58.695  INFO   --- [atcher-worker-3] org.pf4j.DefaultPluginStatusProvider     : Disabled plugins: []
2024-07-07 18:08:58.696  INFO   --- [atcher-worker-3] org.pf4j.DefaultPluginManager            : PF4J version 3.12.0 in 'deployment' mode
2024-07-07 18:08:58.698  WARN   --- [atcher-worker-3] org.pf4j.AbstractPluginManager           : No './plugins' root
2024-07-07 18:08:58.700  INFO   --- [atcher-worker-3] org.pf4j.AbstractPluginManager           : No plugins
2024-07-07 18:08:59.669  INFO   --- [atcher-worker-8] c.k.k.e.c.a.ApplicationCommandRegistry   : Global application commands: 0 to add / 2 to update / 0 to remove
2024-07-07 18:09:00.044  INFO   --- [atcher-worker-7] c.k.k.e.c.a.ApplicationCommandRegistry   : Finished synchronising global application commands
2024-07-07 18:09:00.841 ERROR   --- [atcher-worker-8] dev.kord.gateway.DefaultGateway          : 
kotlinx.serialization.json.internal.JsonDecodingException: Failed to parse literal '17592186044416' as an int value at element: $.flags
JSON input: .....null,"bot":true,"avatar":"931d7c29b810c2ba78feae11d9faaee9"}
	at kotlinx.serialization.json.internal.JsonExceptionsKt.JsonDecodingException(JsonExceptions.kt:24)
	at kotlinx.serialization.json.internal.JsonExceptionsKt.JsonDecodingException(JsonExceptions.kt:32)
	at kotlinx.serialization.json.internal.AbstractJsonTreeDecoder.unparsedPrimitive(TreeJsonDecoder.kt:99)
	at kotlinx.serialization.json.internal.AbstractJsonTreeDecoder.decodeTaggedInt(TreeJsonDecoder.kt:506)
	at kotlinx.serialization.json.internal.AbstractJsonTreeDecoder.decodeTaggedInt(TreeJsonDecoder.kt:37)
	at kotlinx.serialization.internal.TaggedDecoder.decodeInt(Tagged.kt:226)
	at kotlinx.serialization.internal.IntSerializer.deserialize(Primitives.kt:125)
	at kotlinx.serialization.internal.IntSerializer.deserialize(Primitives.kt:121)
	at kotlinx.serialization.json.internal.AbstractJsonTreeDecoder.decodeSerializableValue(TreeJsonDecoder.kt:337)
	at dev.kord.common.entity.UserFlags$Serializer.deserialize(UserFlag.kt:381)
	at dev.kord.common.entity.UserFlags$Serializer.deserialize(UserFlag.kt:370)
	at kotlinx.serialization.json.internal.AbstractJsonTreeDecoder.decodeSerializableValue(TreeJsonDecoder.kt:337)
	at dev.kord.common.entity.optional.Optional$OptionalSerializer.deserialize(Optional.kt:177)
	at dev.kord.common.entity.optional.Optional$OptionalSerializer.deserialize(Optional.kt:155)
	at kotlinx.serialization.json.internal.AbstractJsonTreeDecoder.decodeSerializableValue(TreeJsonDecoder.kt:337)
	at kotlinx.serialization.internal.TaggedDecoder.decodeSerializableValue(Tagged.kt:207)
	at kotlinx.serialization.internal.TaggedDecoder.decodeSerializableElement$lambda$1(Tagged.kt:279)
	at kotlinx.serialization.internal.TaggedDecoder.tagBlock(Tagged.kt:294)
	at kotlinx.serialization.internal.TaggedDecoder.decodeSerializableElement(Tagged.kt:279)
	at dev.kord.common.entity.DiscordUser$$serializer.deserialize(DiscordUser.kt:75)
	at dev.kord.common.entity.DiscordUser$$serializer.deserialize(DiscordUser.kt:75)
	at kotlinx.serialization.json.internal.AbstractJsonTreeDecoder.decodeSerializableValue(TreeJsonDecoder.kt:337)
	at kotlinx.serialization.internal.TaggedDecoder.decodeSerializableValue(Tagged.kt:207)
	at kotlinx.serialization.internal.TaggedDecoder.decodeSerializableElement$lambda$1(Tagged.kt:279)
	at kotlinx.serialization.internal.TaggedDecoder.tagBlock(Tagged.kt:294)
	at kotlinx.serialization.internal.TaggedDecoder.decodeSerializableElement(Tagged.kt:279)
	at dev.kord.gateway.ReadyData$$serializer.deserialize(Event.kt:268)
	at dev.kord.gateway.ReadyData$$serializer.deserialize(Event.kt:268)
	at kotlinx.serialization.json.internal.AbstractJsonTreeDecoder.decodeSerializableValue(TreeJsonDecoder.kt:337)
	at kotlinx.serialization.json.internal.TreeJsonDecoderKt.readJson(TreeJsonDecoder.kt:26)
	at kotlinx.serialization.json.Json.decodeFromJsonElement(Json.kt:186)
	at dev.kord.gateway.Event$DeserializationStrategy.decodeDispatchEvent$decode(Event.kt:97)
	at dev.kord.gateway.Event$DeserializationStrategy.decodeDispatchEvent(Event.kt:107)
	at dev.kord.gateway.Event$DeserializationStrategy.access$decodeDispatchEvent(Event.kt:28)
	at dev.kord.gateway.Event$DeserializationStrategy.deserialize(Event.kt:55)
	at dev.kord.gateway.Event$DeserializationStrategy.deserialize(Event.kt:28)
	at kotlinx.serialization.json.internal.StreamingJsonDecoder.decodeSerializableValue(StreamingJsonDecoder.kt:69)
	at kotlinx.serialization.json.Json.decodeFromString(Json.kt:165)
	at dev.kord.gateway.DefaultGateway.read(DefaultGateway.kt:189)
	at dev.kord.gateway.DefaultGateway.access$read(DefaultGateway.kt:62)
	at dev.kord.gateway.DefaultGateway$readSocket$2.emit(DefaultGateway.kt:173)
	at dev.kord.gateway.DefaultGateway$readSocket$2.emit(DefaultGateway.kt:171)
	at kotlinx.coroutines.flow.FlowKt__ChannelsKt.emitAllImpl$FlowKt__ChannelsKt(Channels.kt:33)
	at kotlinx.coroutines.flow.FlowKt__ChannelsKt.access$emitAllImpl$FlowKt__ChannelsKt(Channels.kt:1)
	at kotlinx.coroutines.flow.FlowKt__ChannelsKt$emitAllImpl$1.invokeSuspend(Channels.kt)
	at kotlin.coroutines.jvm.internal.BaseContinuationImpl.resumeWith(ContinuationImpl.kt:33)
	at kotlinx.coroutines.DispatchedTask.run(DispatchedTask.kt:104)
	at kotlinx.coroutines.scheduling.CoroutineScheduler.runSafely(CoroutineScheduler.kt:584)
	at kotlinx.coroutines.scheduling.CoroutineScheduler$Worker.executeTask(CoroutineScheduler.kt:811)
	at kotlinx.coroutines.scheduling.CoroutineScheduler$Worker.runWorker(CoroutineScheduler.kt:715)
	at kotlinx.coroutines.scheduling.CoroutineScheduler$Worker.run(CoroutineScheduler.kt:702)
2024-07-07 18:09:14.955  INFO   --- [atcher-worker-3] c.k.kord.extensions.utils._Environment   : Loading environment variables from .env file
2024-07-07 18:09:15.263  INFO   --- [atcher-worker-1] org.pf4j.DefaultPluginStatusProvider     : Enabled plugins: []
2024-07-07 18:09:15.264  INFO   --- [atcher-worker-1] org.pf4j.DefaultPluginStatusProvider     : Disabled plugins: []
2024-07-07 18:09:15.267  INFO   --- [atcher-worker-1] org.pf4j.DefaultPluginManager            : PF4J version 3.12.0 in 'deployment' mode
2024-07-07 18:09:15.271  WARN   --- [atcher-worker-1] org.pf4j.AbstractPluginManager           : No './plugins' root
2024-07-07 18:09:15.272  INFO   --- [atcher-worker-1] org.pf4j.AbstractPluginManager           : No plugins
2024-07-07 18:09:16.354  INFO   --- [atcher-worker-1] c.k.k.e.c.a.ApplicationCommandRegistry   : Global application commands: 0 to add / 2 to update / 0 to remove
2024-07-07 18:09:26.586  INFO   --- [atcher-worker-3] c.k.kord.extensions.utils._Environment   : Loading environment variables from .env file
2024-07-07 18:09:26.929  INFO   --- [atcher-worker-9] org.pf4j.DefaultPluginStatusProvider     : Enabled plugins: []
2024-07-07 18:09:26.930  INFO   --- [atcher-worker-9] org.pf4j.DefaultPluginStatusProvider     : Disabled plugins: []
2024-07-07 18:09:26.931  INFO   --- [atcher-worker-9] org.pf4j.DefaultPluginManager            : PF4J version 3.12.0 in 'deployment' mode
2024-07-07 18:09:26.932  WARN   --- [atcher-worker-9] org.pf4j.AbstractPluginManager           : No './plugins' root
2024-07-07 18:09:26.933  INFO   --- [atcher-worker-9] org.pf4j.AbstractPluginManager           : No plugins
2024-07-07 18:09:28.038  INFO   --- [atcher-worker-8] c.k.k.e.c.a.ApplicationCommandRegistry   : Global application commands: 0 to add / 2 to update / 0 to remove
2024-07-07 18:09:28.431  INFO   --- [atcher-worker-1] c.k.k.e.c.a.ApplicationCommandRegistry   : Finished synchronising global application commands
2024-07-07 18:09:29.218 ERROR   --- [tcher-worker-16] dev.kord.gateway.DefaultGateway          : 
kotlinx.serialization.json.internal.JsonDecodingException: Failed to parse literal '17592186044416' as an int value at element: $.flags
JSON input: .....null,"bot":true,"avatar":"931d7c29b810c2ba78feae11d9faaee9"}
	at kotlinx.serialization.json.internal.JsonExceptionsKt.JsonDecodingException(JsonExceptions.kt:24)
	at kotlinx.serialization.json.internal.JsonExceptionsKt.JsonDecodingException(JsonExceptions.kt:32)
	at kotlinx.serialization.json.internal.AbstractJsonTreeDecoder.unparsedPrimitive(TreeJsonDecoder.kt:99)
	at kotlinx.serialization.json.internal.AbstractJsonTreeDecoder.decodeTaggedInt(TreeJsonDecoder.kt:506)
	at kotlinx.serialization.json.internal.AbstractJsonTreeDecoder.decodeTaggedInt(TreeJsonDecoder.kt:37)
	at kotlinx.serialization.internal.TaggedDecoder.decodeInt(Tagged.kt:226)
	at kotlinx.serialization.internal.IntSerializer.deserialize(Primitives.kt:125)
	at kotlinx.serialization.internal.IntSerializer.deserialize(Primitives.kt:121)
	at kotlinx.serialization.json.internal.AbstractJsonTreeDecoder.decodeSerializableValue(TreeJsonDecoder.kt:337)
	at dev.kord.common.entity.UserFlags$Serializer.deserialize(UserFlag.kt:381)
	at dev.kord.common.entity.UserFlags$Serializer.deserialize(UserFlag.kt:370)
	at kotlinx.serialization.json.internal.AbstractJsonTreeDecoder.decodeSerializableValue(TreeJsonDecoder.kt:337)
	at dev.kord.common.entity.optional.Optional$OptionalSerializer.deserialize(Optional.kt:177)
	at dev.kord.common.entity.optional.Optional$OptionalSerializer.deserialize(Optional.kt:155)
	at kotlinx.serialization.json.internal.AbstractJsonTreeDecoder.decodeSerializableValue(TreeJsonDecoder.kt:337)
	at kotlinx.serialization.internal.TaggedDecoder.decodeSerializableValue(Tagged.kt:207)
	at kotlinx.serialization.internal.TaggedDecoder.decodeSerializableElement$lambda$1(Tagged.kt:279)
	at kotlinx.serialization.internal.TaggedDecoder.tagBlock(Tagged.kt:294)
	at kotlinx.serialization.internal.TaggedDecoder.decodeSerializableElement(Tagged.kt:279)
	at dev.kord.common.entity.DiscordUser$$serializer.deserialize(DiscordUser.kt:75)
	at dev.kord.common.entity.DiscordUser$$serializer.deserialize(DiscordUser.kt:75)
	at kotlinx.serialization.json.internal.AbstractJsonTreeDecoder.decodeSerializableValue(TreeJsonDecoder.kt:337)
	at kotlinx.serialization.internal.TaggedDecoder.decodeSerializableValue(Tagged.kt:207)
	at kotlinx.serialization.internal.TaggedDecoder.decodeSerializableElement$lambda$1(Tagged.kt:279)
	at kotlinx.serialization.internal.TaggedDecoder.tagBlock(Tagged.kt:294)
	at kotlinx.serialization.internal.TaggedDecoder.decodeSerializableElement(Tagged.kt:279)
	at dev.kord.gateway.ReadyData$$serializer.deserialize(Event.kt:268)
	at dev.kord.gateway.ReadyData$$serializer.deserialize(Event.kt:268)
	at kotlinx.serialization.json.internal.AbstractJsonTreeDecoder.decodeSerializableValue(TreeJsonDecoder.kt:337)
	at kotlinx.serialization.json.internal.TreeJsonDecoderKt.readJson(TreeJsonDecoder.kt:26)
	at kotlinx.serialization.json.Json.decodeFromJsonElement(Json.kt:186)
	at dev.kord.gateway.Event$DeserializationStrategy.decodeDispatchEvent$decode(Event.kt:97)
	at dev.kord.gateway.Event$DeserializationStrategy.decodeDispatchEvent(Event.kt:107)
	at dev.kord.gateway.Event$DeserializationStrategy.access$decodeDispatchEvent(Event.kt:28)
	at dev.kord.gateway.Event$DeserializationStrategy.deserialize(Event.kt:55)
	at dev.kord.gateway.Event$DeserializationStrategy.deserialize(Event.kt:28)
	at kotlinx.serialization.json.internal.StreamingJsonDecoder.decodeSerializableValue(StreamingJsonDecoder.kt:69)
	at kotlinx.serialization.json.Json.decodeFromString(Json.kt:165)
	at dev.kord.gateway.DefaultGateway.read(DefaultGateway.kt:189)
	at dev.kord.gateway.DefaultGateway.access$read(DefaultGateway.kt:62)
	at dev.kord.gateway.DefaultGateway$readSocket$2.emit(DefaultGateway.kt:173)
	at dev.kord.gateway.DefaultGateway$readSocket$2.emit(DefaultGateway.kt:171)
	at kotlinx.coroutines.flow.FlowKt__ChannelsKt.emitAllImpl$FlowKt__ChannelsKt(Channels.kt:33)
	at kotlinx.coroutines.flow.FlowKt__ChannelsKt.access$emitAllImpl$FlowKt__ChannelsKt(Channels.kt:1)
	at kotlinx.coroutines.flow.FlowKt__ChannelsKt$emitAllImpl$1.invokeSuspend(Channels.kt)
	at kotlin.coroutines.jvm.internal.BaseContinuationImpl.resumeWith(ContinuationImpl.kt:33)
	at kotlinx.coroutines.DispatchedTask.run(DispatchedTask.kt:104)
	at kotlinx.coroutines.scheduling.CoroutineScheduler.runSafely(CoroutineScheduler.kt:584)
	at kotlinx.coroutines.scheduling.CoroutineScheduler$Worker.executeTask(CoroutineScheduler.kt:811)
	at kotlinx.coroutines.scheduling.CoroutineScheduler$Worker.runWorker(CoroutineScheduler.kt:715)
	at kotlinx.coroutines.scheduling.CoroutineScheduler$Worker.run(CoroutineScheduler.kt:702)
2024-07-07 18:10:28.582  INFO   --- [atcher-worker-3] c.k.kord.extensions.utils._Environment   : Loading environment variables from .env file
2024-07-07 18:10:28.922  INFO   --- [atcher-worker-3] org.pf4j.DefaultPluginStatusProvider     : Enabled plugins: []
2024-07-07 18:10:28.923  INFO   --- [atcher-worker-3] org.pf4j.DefaultPluginStatusProvider     : Disabled plugins: []
2024-07-07 18:10:28.927  INFO   --- [atcher-worker-3] org.pf4j.DefaultPluginManager            : PF4J version 3.12.0 in 'deployment' mode
2024-07-07 18:10:28.929  WARN   --- [atcher-worker-3] org.pf4j.AbstractPluginManager           : No './plugins' root
2024-07-07 18:10:28.931  INFO   --- [atcher-worker-3] org.pf4j.AbstractPluginManager           : No plugins
2024-07-07 18:10:30.186  INFO   --- [atcher-worker-1] c.k.k.e.c.a.ApplicationCommandRegistry   : Global application commands: 0 to add / 2 to update / 0 to remove
2024-07-07 18:10:30.568  INFO   --- [atcher-worker-2] c.k.k.e.c.a.ApplicationCommandRegistry   : Finished synchronising global application commands
2024-07-07 18:10:31.590 ERROR   --- [tcher-worker-17] dev.kord.gateway.DefaultGateway          : 
kotlinx.serialization.json.internal.JsonDecodingException: Failed to parse literal '17592186044416' as an int value at element: $.flags
JSON input: .....null,"bot":true,"avatar":"931d7c29b810c2ba78feae11d9faaee9"}
	at kotlinx.serialization.json.internal.JsonExceptionsKt.JsonDecodingException(JsonExceptions.kt:24)
	at kotlinx.serialization.json.internal.JsonExceptionsKt.JsonDecodingException(JsonExceptions.kt:32)
	at kotlinx.serialization.json.internal.AbstractJsonTreeDecoder.unparsedPrimitive(TreeJsonDecoder.kt:99)
	at kotlinx.serialization.json.internal.AbstractJsonTreeDecoder.decodeTaggedInt(TreeJsonDecoder.kt:506)
	at kotlinx.serialization.json.internal.AbstractJsonTreeDecoder.decodeTaggedInt(TreeJsonDecoder.kt:37)
	at kotlinx.serialization.internal.TaggedDecoder.decodeInt(Tagged.kt:226)
	at kotlinx.serialization.internal.IntSerializer.deserialize(Primitives.kt:125)
	at kotlinx.serialization.internal.IntSerializer.deserialize(Primitives.kt:121)
	at kotlinx.serialization.json.internal.AbstractJsonTreeDecoder.decodeSerializableValue(TreeJsonDecoder.kt:337)
	at dev.kord.common.entity.UserFlags$Serializer.deserialize(UserFlag.kt:381)
	at dev.kord.common.entity.UserFlags$Serializer.deserialize(UserFlag.kt:370)
	at kotlinx.serialization.json.internal.AbstractJsonTreeDecoder.decodeSerializableValue(TreeJsonDecoder.kt:337)
	at dev.kord.common.entity.optional.Optional$OptionalSerializer.deserialize(Optional.kt:177)
	at dev.kord.common.entity.optional.Optional$OptionalSerializer.deserialize(Optional.kt:155)
	at kotlinx.serialization.json.internal.AbstractJsonTreeDecoder.decodeSerializableValue(TreeJsonDecoder.kt:337)
	at kotlinx.serialization.internal.TaggedDecoder.decodeSerializableValue(Tagged.kt:207)
	at kotlinx.serialization.internal.TaggedDecoder.decodeSerializableElement$lambda$1(Tagged.kt:279)
	at kotlinx.serialization.internal.TaggedDecoder.tagBlock(Tagged.kt:294)
	at kotlinx.serialization.internal.TaggedDecoder.decodeSerializableElement(Tagged.kt:279)
	at dev.kord.common.entity.DiscordUser$$serializer.deserialize(DiscordUser.kt:75)
	at dev.kord.common.entity.DiscordUser$$serializer.deserialize(DiscordUser.kt:75)
	at kotlinx.serialization.json.internal.AbstractJsonTreeDecoder.decodeSerializableValue(TreeJsonDecoder.kt:337)
	at kotlinx.serialization.internal.TaggedDecoder.decodeSerializableValue(Tagged.kt:207)
	at kotlinx.serialization.internal.TaggedDecoder.decodeSerializableElement$lambda$1(Tagged.kt:279)
	at kotlinx.serialization.internal.TaggedDecoder.tagBlock(Tagged.kt:294)
	at kotlinx.serialization.internal.TaggedDecoder.decodeSerializableElement(Tagged.kt:279)
	at dev.kord.gateway.ReadyData$$serializer.deserialize(Event.kt:268)
	at dev.kord.gateway.ReadyData$$serializer.deserialize(Event.kt:268)
	at kotlinx.serialization.json.internal.AbstractJsonTreeDecoder.decodeSerializableValue(TreeJsonDecoder.kt:337)
	at kotlinx.serialization.json.internal.TreeJsonDecoderKt.readJson(TreeJsonDecoder.kt:26)
	at kotlinx.serialization.json.Json.decodeFromJsonElement(Json.kt:186)
	at dev.kord.gateway.Event$DeserializationStrategy.decodeDispatchEvent$decode(Event.kt:97)
	at dev.kord.gateway.Event$DeserializationStrategy.decodeDispatchEvent(Event.kt:107)
	at dev.kord.gateway.Event$DeserializationStrategy.access$decodeDispatchEvent(Event.kt:28)
	at dev.kord.gateway.Event$DeserializationStrategy.deserialize(Event.kt:55)
	at dev.kord.gateway.Event$DeserializationStrategy.deserialize(Event.kt:28)
	at kotlinx.serialization.json.internal.StreamingJsonDecoder.decodeSerializableValue(StreamingJsonDecoder.kt:69)
	at kotlinx.serialization.json.Json.decodeFromString(Json.kt:165)
	at dev.kord.gateway.DefaultGateway.read(DefaultGateway.kt:189)
	at dev.kord.gateway.DefaultGateway.access$read(DefaultGateway.kt:62)
	at dev.kord.gateway.DefaultGateway$readSocket$2.emit(DefaultGateway.kt:173)
	at dev.kord.gateway.DefaultGateway$readSocket$2.emit(DefaultGateway.kt:171)
	at kotlinx.coroutines.flow.FlowKt__ChannelsKt.emitAllImpl$FlowKt__ChannelsKt(Channels.kt:33)
	at kotlinx.coroutines.flow.FlowKt__ChannelsKt.access$emitAllImpl$FlowKt__ChannelsKt(Channels.kt:1)
	at kotlinx.coroutines.flow.FlowKt__ChannelsKt$emitAllImpl$1.invokeSuspend(Channels.kt)
	at kotlin.coroutines.jvm.internal.BaseContinuationImpl.resumeWith(ContinuationImpl.kt:33)
	at kotlinx.coroutines.DispatchedTask.run(DispatchedTask.kt:104)
	at kotlinx.coroutines.scheduling.CoroutineScheduler.runSafely(CoroutineScheduler.kt:584)
	at kotlinx.coroutines.scheduling.CoroutineScheduler$Worker.executeTask(CoroutineScheduler.kt:811)
	at kotlinx.coroutines.scheduling.CoroutineScheduler$Worker.runWorker(CoroutineScheduler.kt:715)
	at kotlinx.coroutines.scheduling.CoroutineScheduler$Worker.run(CoroutineScheduler.kt:702)
2024-07-07 18:10:57.147  INFO   --- [atcher-worker-3] c.k.kord.extensions.utils._Environment   : Loading environment variables from .env file
2024-07-07 18:10:57.538  INFO   --- [atcher-worker-3] org.pf4j.DefaultPluginStatusProvider     : Enabled plugins: []
2024-07-07 18:10:57.539  INFO   --- [atcher-worker-3] org.pf4j.DefaultPluginStatusProvider     : Disabled plugins: []
2024-07-07 18:10:57.540  INFO   --- [atcher-worker-3] org.pf4j.DefaultPluginManager            : PF4J version 3.12.0 in 'deployment' mode
2024-07-07 18:10:57.541  WARN   --- [atcher-worker-3] org.pf4j.AbstractPluginManager           : No './plugins' root
2024-07-07 18:10:57.543  INFO   --- [atcher-worker-3] org.pf4j.AbstractPluginManager           : No plugins
2024-07-07 18:10:58.765  INFO   --- [atcher-worker-6] c.k.k.e.c.a.ApplicationCommandRegistry   : Global application commands: 0 to add / 2 to update / 0 to remove
2024-07-07 18:10:59.066  INFO   --- [atcher-worker-4] c.k.k.e.c.a.ApplicationCommandRegistry   : Finished synchronising global application commands
2024-07-07 18:11:04.886 ERROR   --- [tcher-worker-13] dev.kord.gateway.DefaultGateway          : 
kotlinx.serialization.json.internal.JsonDecodingException: Failed to parse literal '17592186044416' as an int value at element: $.flags
JSON input: .....null,"bot":true,"avatar":"931d7c29b810c2ba78feae11d9faaee9"}
	at kotlinx.serialization.json.internal.JsonExceptionsKt.JsonDecodingException(JsonExceptions.kt:24)
	at kotlinx.serialization.json.internal.JsonExceptionsKt.JsonDecodingException(JsonExceptions.kt:32)
	at kotlinx.serialization.json.internal.AbstractJsonTreeDecoder.unparsedPrimitive(TreeJsonDecoder.kt:99)
	at kotlinx.serialization.json.internal.AbstractJsonTreeDecoder.decodeTaggedInt(TreeJsonDecoder.kt:506)
	at kotlinx.serialization.json.internal.AbstractJsonTreeDecoder.decodeTaggedInt(TreeJsonDecoder.kt:37)
	at kotlinx.serialization.internal.TaggedDecoder.decodeInt(Tagged.kt:226)
	at kotlinx.serialization.internal.IntSerializer.deserialize(Primitives.kt:125)
	at kotlinx.serialization.internal.IntSerializer.deserialize(Primitives.kt:121)
	at kotlinx.serialization.json.internal.AbstractJsonTreeDecoder.decodeSerializableValue(TreeJsonDecoder.kt:337)
	at dev.kord.common.entity.UserFlags$Serializer.deserialize(UserFlag.kt:381)
	at dev.kord.common.entity.UserFlags$Serializer.deserialize(UserFlag.kt:370)
	at kotlinx.serialization.json.internal.AbstractJsonTreeDecoder.decodeSerializableValue(TreeJsonDecoder.kt:337)
	at dev.kord.common.entity.optional.Optional$OptionalSerializer.deserialize(Optional.kt:177)
	at dev.kord.common.entity.optional.Optional$OptionalSerializer.deserialize(Optional.kt:155)
	at kotlinx.serialization.json.internal.AbstractJsonTreeDecoder.decodeSerializableValue(TreeJsonDecoder.kt:337)
	at kotlinx.serialization.internal.TaggedDecoder.decodeSerializableValue(Tagged.kt:207)
	at kotlinx.serialization.internal.TaggedDecoder.decodeSerializableElement$lambda$1(Tagged.kt:279)
	at kotlinx.serialization.internal.TaggedDecoder.tagBlock(Tagged.kt:294)
	at kotlinx.serialization.internal.TaggedDecoder.decodeSerializableElement(Tagged.kt:279)
	at dev.kord.common.entity.DiscordUser$$serializer.deserialize(DiscordUser.kt:75)
	at dev.kord.common.entity.DiscordUser$$serializer.deserialize(DiscordUser.kt:75)
	at kotlinx.serialization.json.internal.AbstractJsonTreeDecoder.decodeSerializableValue(TreeJsonDecoder.kt:337)
	at kotlinx.serialization.internal.TaggedDecoder.decodeSerializableValue(Tagged.kt:207)
	at kotlinx.serialization.internal.TaggedDecoder.decodeSerializableElement$lambda$1(Tagged.kt:279)
	at kotlinx.serialization.internal.TaggedDecoder.tagBlock(Tagged.kt:294)
	at kotlinx.serialization.internal.TaggedDecoder.decodeSerializableElement(Tagged.kt:279)
	at dev.kord.gateway.ReadyData$$serializer.deserialize(Event.kt:268)
	at dev.kord.gateway.ReadyData$$serializer.deserialize(Event.kt:268)
	at kotlinx.serialization.json.internal.AbstractJsonTreeDecoder.decodeSerializableValue(TreeJsonDecoder.kt:337)
	at kotlinx.serialization.json.internal.TreeJsonDecoderKt.readJson(TreeJsonDecoder.kt:26)
	at kotlinx.serialization.json.Json.decodeFromJsonElement(Json.kt:186)
	at dev.kord.gateway.Event$DeserializationStrategy.decodeDispatchEvent$decode(Event.kt:97)
	at dev.kord.gateway.Event$DeserializationStrategy.decodeDispatchEvent(Event.kt:107)
	at dev.kord.gateway.Event$DeserializationStrategy.access$decodeDispatchEvent(Event.kt:28)
	at dev.kord.gateway.Event$DeserializationStrategy.deserialize(Event.kt:55)
	at dev.kord.gateway.Event$DeserializationStrategy.deserialize(Event.kt:28)
	at kotlinx.serialization.json.internal.StreamingJsonDecoder.decodeSerializableValue(StreamingJsonDecoder.kt:69)
	at kotlinx.serialization.json.Json.decodeFromString(Json.kt:165)
	at dev.kord.gateway.DefaultGateway.read(DefaultGateway.kt:189)
	at dev.kord.gateway.DefaultGateway.access$read(DefaultGateway.kt:62)
	at dev.kord.gateway.DefaultGateway$readSocket$2.emit(DefaultGateway.kt:173)
	at dev.kord.gateway.DefaultGateway$readSocket$2.emit(DefaultGateway.kt:171)
	at kotlinx.coroutines.flow.FlowKt__ChannelsKt.emitAllImpl$FlowKt__ChannelsKt(Channels.kt:33)
	at kotlinx.coroutines.flow.FlowKt__ChannelsKt.access$emitAllImpl$FlowKt__ChannelsKt(Channels.kt:1)
	at kotlinx.coroutines.flow.FlowKt__ChannelsKt$emitAllImpl$1.invokeSuspend(Channels.kt)
	at kotlin.coroutines.jvm.internal.BaseContinuationImpl.resumeWith(ContinuationImpl.kt:33)
	at kotlinx.coroutines.DispatchedTask.run(DispatchedTask.kt:104)
	at kotlinx.coroutines.scheduling.CoroutineScheduler.runSafely(CoroutineScheduler.kt:584)
	at kotlinx.coroutines.scheduling.CoroutineScheduler$Worker.executeTask(CoroutineScheduler.kt:811)
	at kotlinx.coroutines.scheduling.CoroutineScheduler$Worker.runWorker(CoroutineScheduler.kt:715)
	at kotlinx.coroutines.scheduling.CoroutineScheduler$Worker.run(CoroutineScheduler.kt:702)
2024-07-07 18:12:10.147  INFO   --- [atcher-worker-3] c.k.kord.extensions.utils._Environment   : Loading environment variables from .env file
2024-07-07 18:12:10.527  INFO   --- [atcher-worker-3] org.pf4j.DefaultPluginStatusProvider     : Enabled plugins: []
2024-07-07 18:12:10.528  INFO   --- [atcher-worker-3] org.pf4j.DefaultPluginStatusProvider     : Disabled plugins: []
2024-07-07 18:12:10.531  INFO   --- [atcher-worker-3] org.pf4j.DefaultPluginManager            : PF4J version 3.12.0 in 'deployment' mode
2024-07-07 18:12:10.532  WARN   --- [atcher-worker-3] org.pf4j.AbstractPluginManager           : No './plugins' root
2024-07-07 18:12:10.534  INFO   --- [atcher-worker-3] org.pf4j.AbstractPluginManager           : No plugins
2024-07-07 18:12:11.776  INFO   --- [atcher-worker-3] c.k.k.e.c.a.ApplicationCommandRegistry   : Global application commands: 0 to add / 2 to update / 0 to remove
2024-07-07 18:12:12.070  INFO   --- [atcher-worker-8] c.k.k.e.c.a.ApplicationCommandRegistry   : Finished synchronising global application commands
2024-07-07 18:12:12.845 ERROR   --- [atcher-worker-5] dev.kord.gateway.DefaultGateway          : 
kotlinx.serialization.json.internal.JsonDecodingException: Failed to parse literal '17592186044416' as an int value at element: $.flags
JSON input: .....null,"bot":true,"avatar":"931d7c29b810c2ba78feae11d9faaee9"}
	at kotlinx.serialization.json.internal.JsonExceptionsKt.JsonDecodingException(JsonExceptions.kt:24)
	at kotlinx.serialization.json.internal.JsonExceptionsKt.JsonDecodingException(JsonExceptions.kt:32)
	at kotlinx.serialization.json.internal.AbstractJsonTreeDecoder.unparsedPrimitive(TreeJsonDecoder.kt:99)
	at kotlinx.serialization.json.internal.AbstractJsonTreeDecoder.decodeTaggedInt(TreeJsonDecoder.kt:506)
	at kotlinx.serialization.json.internal.AbstractJsonTreeDecoder.decodeTaggedInt(TreeJsonDecoder.kt:37)
	at kotlinx.serialization.internal.TaggedDecoder.decodeInt(Tagged.kt:226)
	at kotlinx.serialization.internal.IntSerializer.deserialize(Primitives.kt:125)
	at kotlinx.serialization.internal.IntSerializer.deserialize(Primitives.kt:121)
	at kotlinx.serialization.json.internal.AbstractJsonTreeDecoder.decodeSerializableValue(TreeJsonDecoder.kt:337)
	at dev.kord.common.entity.UserFlags$Serializer.deserialize(UserFlag.kt:381)
	at dev.kord.common.entity.UserFlags$Serializer.deserialize(UserFlag.kt:370)
	at kotlinx.serialization.json.internal.AbstractJsonTreeDecoder.decodeSerializableValue(TreeJsonDecoder.kt:337)
	at dev.kord.common.entity.optional.Optional$OptionalSerializer.deserialize(Optional.kt:177)
	at dev.kord.common.entity.optional.Optional$OptionalSerializer.deserialize(Optional.kt:155)
	at kotlinx.serialization.json.internal.AbstractJsonTreeDecoder.decodeSerializableValue(TreeJsonDecoder.kt:337)
	at kotlinx.serialization.internal.TaggedDecoder.decodeSerializableValue(Tagged.kt:207)
	at kotlinx.serialization.internal.TaggedDecoder.decodeSerializableElement$lambda$1(Tagged.kt:279)
	at kotlinx.serialization.internal.TaggedDecoder.tagBlock(Tagged.kt:294)
	at kotlinx.serialization.internal.TaggedDecoder.decodeSerializableElement(Tagged.kt:279)
	at dev.kord.common.entity.DiscordUser$$serializer.deserialize(DiscordUser.kt:75)
	at dev.kord.common.entity.DiscordUser$$serializer.deserialize(DiscordUser.kt:75)
	at kotlinx.serialization.json.internal.AbstractJsonTreeDecoder.decodeSerializableValue(TreeJsonDecoder.kt:337)
	at kotlinx.serialization.internal.TaggedDecoder.decodeSerializableValue(Tagged.kt:207)
	at kotlinx.serialization.internal.TaggedDecoder.decodeSerializableElement$lambda$1(Tagged.kt:279)
	at kotlinx.serialization.internal.TaggedDecoder.tagBlock(Tagged.kt:294)
	at kotlinx.serialization.internal.TaggedDecoder.decodeSerializableElement(Tagged.kt:279)
	at dev.kord.gateway.ReadyData$$serializer.deserialize(Event.kt:268)
	at dev.kord.gateway.ReadyData$$serializer.deserialize(Event.kt:268)
	at kotlinx.serialization.json.internal.AbstractJsonTreeDecoder.decodeSerializableValue(TreeJsonDecoder.kt:337)
	at kotlinx.serialization.json.internal.TreeJsonDecoderKt.readJson(TreeJsonDecoder.kt:26)
	at kotlinx.serialization.json.Json.decodeFromJsonElement(Json.kt:186)
	at dev.kord.gateway.Event$DeserializationStrategy.decodeDispatchEvent$decode(Event.kt:97)
	at dev.kord.gateway.Event$DeserializationStrategy.decodeDispatchEvent(Event.kt:107)
	at dev.kord.gateway.Event$DeserializationStrategy.access$decodeDispatchEvent(Event.kt:28)
	at dev.kord.gateway.Event$DeserializationStrategy.deserialize(Event.kt:55)
	at dev.kord.gateway.Event$DeserializationStrategy.deserialize(Event.kt:28)
	at kotlinx.serialization.json.internal.StreamingJsonDecoder.decodeSerializableValue(StreamingJsonDecoder.kt:69)
	at kotlinx.serialization.json.Json.decodeFromString(Json.kt:165)
	at dev.kord.gateway.DefaultGateway.read(DefaultGateway.kt:189)
	at dev.kord.gateway.DefaultGateway.access$read(DefaultGateway.kt:62)
	at dev.kord.gateway.DefaultGateway$readSocket$2.emit(DefaultGateway.kt:173)
	at dev.kord.gateway.DefaultGateway$readSocket$2.emit(DefaultGateway.kt:171)
	at kotlinx.coroutines.flow.FlowKt__ChannelsKt.emitAllImpl$FlowKt__ChannelsKt(Channels.kt:33)
	at kotlinx.coroutines.flow.FlowKt__ChannelsKt.access$emitAllImpl$FlowKt__ChannelsKt(Channels.kt:1)
	at kotlinx.coroutines.flow.FlowKt__ChannelsKt$emitAllImpl$1.invokeSuspend(Channels.kt)
	at kotlin.coroutines.jvm.internal.BaseContinuationImpl.resumeWith(ContinuationImpl.kt:33)
	at kotlinx.coroutines.DispatchedTask.run(DispatchedTask.kt:104)
	at kotlinx.coroutines.scheduling.CoroutineScheduler.runSafely(CoroutineScheduler.kt:584)
	at kotlinx.coroutines.scheduling.CoroutineScheduler$Worker.executeTask(CoroutineScheduler.kt:811)
	at kotlinx.coroutines.scheduling.CoroutineScheduler$Worker.runWorker(CoroutineScheduler.kt:715)
	at kotlinx.coroutines.scheduling.CoroutineScheduler$Worker.run(CoroutineScheduler.kt:702)
